2025-01-28 21:53:20.871449: I tensorflow/core/platform/cpu_feature_guard.cc:210] This TensorFlow binary is optimized to use available CPU instructions in performance-critical operations.
To enable the following instructions: SSE3, in other operations, rebuild TensorFlow with the appropriate compiler flags.
Traceback (most recent call last):
  File "/var/local/mlp_test/projet_mlp.py", line 16, in <module>
    import tensorflow as tf
  File "/usr/lib/python3.12/site-packages/tensorflow/__init__.py", line 48, in <module>
    from tensorflow._api.v2 import __internal__
  File "/usr/lib/python3.12/site-packages/tensorflow/_api/v2/__internal__/__init__.py", line 8, in <module>
    from tensorflow._api.v2.__internal__ import autograph
  File "/usr/lib/python3.12/site-packages/tensorflow/_api/v2/__internal__/autograph/__init__.py", line 8, in <module>
    from tensorflow.python.autograph.core.ag_ctx import control_status_ctx # line: 34
    ^^^^^^^^^^^^^^^^^^^^^^^^^^^^^^^^^^^^^^^^^^^^^^^^^^^^^^^^^^^^^^^^^^^^^^
  File "/usr/lib/python3.12/site-packages/tensorflow/python/autograph/core/ag_ctx.py", line 21, in <module>
    from tensorflow.python.autograph.utils import ag_logging
  File "/usr/lib/python3.12/site-packages/tensorflow/python/autograph/utils/__init__.py", line 17, in <module>
    from tensorflow.python.autograph.utils.context_managers import control_dependency_on_returns
  File "/usr/lib/python3.12/site-packages/tensorflow/python/autograph/utils/context_managers.py", line 19, in <module>
    from tensorflow.python.framework import ops
  File "/usr/lib/python3.12/site-packages/tensorflow/python/framework/ops.py", line 28, in <module>
    from absl import app
ModuleNotFoundError: No module named 'absl'
Task failed: Running mlp
